[debug] [2020-04-28T12:06:06.431Z] ----------------------------------------------------------------------
[debug] [2020-04-28T12:06:06.435Z] Command:       C:\Program Files\nodejs\node.exe C:\Users\yarin\AppData\Roaming\npm\node_modules\firebase-tools\lib\bin\firebase.js serve
[debug] [2020-04-28T12:06:06.436Z] CLI Version:   8.2.0
[debug] [2020-04-28T12:06:06.436Z] Platform:      win32
[debug] [2020-04-28T12:06:06.436Z] Node Version:  v12.16.1
[debug] [2020-04-28T12:06:06.438Z] Time:          Tue Apr 28 2020 15:06:06 GMT+0300 (Israel Daylight Time)
[debug] [2020-04-28T12:06:06.438Z] ----------------------------------------------------------------------
[debug] [2020-04-28T12:06:06.439Z] 
[debug] [2020-04-28T12:06:06.452Z] > command requires scopes: ["email","openid","https://www.googleapis.com/auth/cloudplatformprojects.readonly","https://www.googleapis.com/auth/firebase","https://www.googleapis.com/auth/cloud-platform"]
[debug] [2020-04-28T12:06:06.453Z] > authorizing via signed-in user
[debug] [2020-04-28T12:06:06.454Z] [iam] checking project watermelon-market for permissions ["firebase.projects.get"]
[debug] [2020-04-28T12:06:06.460Z] >>> HTTP REQUEST POST https://cloudresourcemanager.googleapis.com/v1/projects/watermelon-market:testIamPermissions  
 {"permissions":["firebase.projects.get"]}
[debug] [2020-04-28T12:06:07.491Z] <<< HTTP RESPONSE 200 {"content-type":"application/json; charset=UTF-8","vary":"X-Origin, Referer, Origin,Accept-Encoding","date":"Tue, 28 Apr 2020 12:06:07 GMT","server":"ESF","cache-control":"private","x-xss-protection":"0","x-frame-options":"SAMEORIGIN","x-content-type-options":"nosniff","server-timing":"gfet4t7; dur=645","alt-svc":"quic=\":443\"; ma=2592000; v=\"46,43\",h3-Q050=\":443\"; ma=2592000,h3-Q049=\":443\"; ma=2592000,h3-Q048=\":443\"; ma=2592000,h3-Q046=\":443\"; ma=2592000,h3-Q043=\":443\"; ma=2592000,h3-T050=\":443\"; ma=2592000","accept-ranges":"none","transfer-encoding":"chunked"}
[debug] [2020-04-28T12:06:07.494Z] >>> HTTP REQUEST GET https://firebase.googleapis.com/v1beta1/projects/watermelon-market  
 
[debug] [2020-04-28T12:06:07.987Z] <<< HTTP RESPONSE 200 {"content-type":"application/json; charset=UTF-8","vary":"X-Origin, Referer, Origin,Accept-Encoding","date":"Tue, 28 Apr 2020 12:06:08 GMT","server":"ESF","cache-control":"private","x-xss-protection":"0","x-frame-options":"SAMEORIGIN","x-content-type-options":"nosniff","alt-svc":"quic=\":443\"; ma=2592000; v=\"46,43\",h3-Q050=\":443\"; ma=2592000,h3-Q049=\":443\"; ma=2592000,h3-Q048=\":443\"; ma=2592000,h3-Q046=\":443\"; ma=2592000,h3-Q043=\":443\"; ma=2592000,h3-T050=\":443\"; ma=2592000","accept-ranges":"none","transfer-encoding":"chunked"}
[info] 
[info] === Serving from 'D:\Coding Academy\robinhood\backend'...
[info] 
[debug] [2020-04-28T12:06:08.019Z] >>> HTTP REQUEST GET https://firebase.googleapis.com/v1beta1/projects/watermelon-market/webApps/-/config  
 
[debug] [2020-04-28T12:06:09.070Z] <<< HTTP RESPONSE 200 {"content-type":"application/json; charset=UTF-8","vary":"X-Origin, Referer, Origin,Accept-Encoding","date":"Tue, 28 Apr 2020 12:06:09 GMT","server":"ESF","cache-control":"private","x-xss-protection":"0","x-frame-options":"SAMEORIGIN","x-content-type-options":"nosniff","alt-svc":"quic=\":443\"; ma=2592000; v=\"46,43\",h3-Q050=\":443\"; ma=2592000,h3-Q049=\":443\"; ma=2592000,h3-Q048=\":443\"; ma=2592000,h3-Q046=\":443\"; ma=2592000,h3-Q043=\":443\"; ma=2592000,h3-T050=\":443\"; ma=2592000","accept-ranges":"none","transfer-encoding":"chunked"}
[info] i  hosting: Serving hosting files from: build
[info] +  hosting: Local server: http://localhost:5000
[warn] !  Your requested "node" version "8" doesn't match your global version "12"
[info] +  functions: functions emulator started at http://localhost:5001
[info] i  functions: Watching "D:\Coding Academy\robinhood\backend\functions" for Cloud Functions...
[debug] [2020-04-28T12:06:10.085Z] [worker-pool] addWorker(~diagnostic~) 
[debug] [2020-04-28T12:06:10.086Z] [worker-pool] Adding worker with key ~diagnostic~, total=1 
[debug] [2020-04-28T12:06:10.086Z] [worker-pool] submitWork(triggerId=) 
[debug] [2020-04-28T12:06:10.087Z] [worker-~diagnostic~-64e99f16-5263-474c-8b0d-1414afb7ab9a]: Assigning socketPath: \\?\pipe\D:\Coding Academy\robinhood\backend\functions\11764 
[debug] [2020-04-28T12:06:10.089Z] [worker-~diagnostic~-64e99f16-5263-474c-8b0d-1414afb7ab9a]: BUSY 
[debug] [2020-04-28T12:06:10.822Z] [runtime-status] [11764] Functions runtime initialized. {"cwd":"D:\\Coding Academy\\robinhood\\backend\\functions","node_version":"12.16.1"} 
[debug] [2020-04-28T12:06:10.826Z] [runtime-status] [11764] Disabled runtime features: undefined 
[debug] [2020-04-28T12:06:10.836Z] [runtime-status] [11764] Resolved module firebase-admin {"declared":true,"installed":true,"version":"8.11.0","resolution":"D:\\Coding Academy\\robinhood\\backend\\functions\\node_modules\\firebase-admin\\lib\\index.js"} 
[debug] [2020-04-28T12:06:10.839Z] [runtime-status] [11764] Resolved module firebase-functions {"declared":true,"installed":true,"version":"3.6.1","resolution":"D:\\Coding Academy\\robinhood\\backend\\functions\\node_modules\\firebase-functions\\lib\\index.js"} 
[debug] [2020-04-28T12:06:10.842Z] [runtime-status] [11764] Outgoing network have been stubbed. [{"name":"http","status":"mocked"},{"name":"http","status":"mocked"},{"name":"https","status":"mocked"},{"name":"https","status":"mocked"},{"name":"net","status":"mocked"}] 
[debug] [2020-04-28T12:06:10.926Z] [runtime-status] [11764] Checked functions.config() {"config":{}} 
[debug] [2020-04-28T12:06:10.927Z] [runtime-status] [11764] Resolved module firebase-functions {"declared":true,"installed":true,"version":"3.6.1","resolution":"D:\\Coding Academy\\robinhood\\backend\\functions\\node_modules\\firebase-functions\\lib\\index.js"} 
[debug] [2020-04-28T12:06:10.929Z] [runtime-status] [11764] Resolved module firebase-admin {"declared":true,"installed":true,"version":"8.11.0","resolution":"D:\\Coding Academy\\robinhood\\backend\\functions\\node_modules\\firebase-admin\\lib\\index.js"} 
[debug] [2020-04-28T12:06:10.930Z] [runtime-status] [11764] Resolved module firebase-functions {"declared":true,"installed":true,"version":"3.6.1","resolution":"D:\\Coding Academy\\robinhood\\backend\\functions\\node_modules\\firebase-functions\\lib\\index.js"} 
[debug] [2020-04-28T12:06:10.931Z] [runtime-status] [11764] firebase-admin has been stubbed. {"adminResolution":{"declared":true,"installed":true,"version":"8.11.0","resolution":"D:\\Coding Academy\\robinhood\\backend\\functions\\node_modules\\firebase-admin\\lib\\index.js"}} 
[warn] !  Error: Cannot find module 'D:\Coding Academy\robinhood\backend\functions\lib\index.js'. Please verify that the package.json has a valid "main" entry
    at tryPackage (internal/modules/cjs/loader.js:316:19)
    at Function.Module._findPath (internal/modules/cjs/loader.js:705:18)
    at Function.Module._resolveFilename (internal/modules/cjs/loader.js:969:27)
    at Function.Module._load (internal/modules/cjs/loader.js:864:27)
    at Module.require (internal/modules/cjs/loader.js:1044:19)
    at require (internal/modules/cjs/helpers.js:77:18)
    at C:\Users\yarin\AppData\Roaming\npm\node_modules\firebase-tools\lib\emulator\functionsEmulatorRuntime.js:661:33
    at Generator.next (<anonymous>)
    at fulfilled (C:\Users\yarin\AppData\Roaming\npm\node_modules\firebase-tools\lib\emulator\functionsEmulatorRuntime.js:5:58)
    at processTicksAndRejections (internal/process/task_queues.js:97:5)
[warn] !  We were unable to load your functions code. (see above)
   - It appears your code is written in Typescript, which must be compiled before emulation.
   - You may be able to run "npm run build" in your functions directory to resolve this.
[debug] [2020-04-28T12:06:10.968Z] [worker-~diagnostic~-64e99f16-5263-474c-8b0d-1414afb7ab9a]: exited 
[debug] [2020-04-28T12:06:10.968Z] [worker-~diagnostic~-64e99f16-5263-474c-8b0d-1414afb7ab9a]: FINISHED 
